Determining if the pthread_create exist failed with the following output:
Change Dir: /home/ubaid/Desktop/MyDrive/Computer Science/Programming Languages/Modern C++ 2018/c++_projects/HomeWorks/3-igg_image/build/CMakeFiles/CMakeTmp

Run Build Command:"/usr/bin/make" "cmTC_62a29/fast"
/usr/bin/make -f CMakeFiles/cmTC_62a29.dir/build.make CMakeFiles/cmTC_62a29.dir/build
make[1]: Entering directory '/home/ubaid/Desktop/MyDrive/Computer Science/Programming Languages/Modern C++ 2018/c++_projects/HomeWorks/3-igg_image/build/CMakeFiles/CMakeTmp'
Building C object CMakeFiles/cmTC_62a29.dir/CheckSymbolExists.c.o
/usr/bin/cc    -o CMakeFiles/cmTC_62a29.dir/CheckSymbolExists.c.o   -c "/home/ubaid/Desktop/MyDrive/Computer Science/Programming Languages/Modern C++ 2018/c++_projects/HomeWorks/3-igg_image/build/CMakeFiles/CMakeTmp/CheckSymbolExists.c"
Linking C executable cmTC_62a29
/usr/bin/cmake -E cmake_link_script CMakeFiles/cmTC_62a29.dir/link.txt --verbose=1
/usr/bin/cc      -rdynamic CMakeFiles/cmTC_62a29.dir/CheckSymbolExists.c.o  -o cmTC_62a29 
CMakeFiles/cmTC_62a29.dir/CheckSymbolExists.c.o: In function `main':
CheckSymbolExists.c:(.text+0x1b): undefined reference to `pthread_create'
collect2: error: ld returned 1 exit status
CMakeFiles/cmTC_62a29.dir/build.make:97: recipe for target 'cmTC_62a29' failed
make[1]: *** [cmTC_62a29] Error 1
make[1]: Leaving directory '/home/ubaid/Desktop/MyDrive/Computer Science/Programming Languages/Modern C++ 2018/c++_projects/HomeWorks/3-igg_image/build/CMakeFiles/CMakeTmp'
Makefile:126: recipe for target 'cmTC_62a29/fast' failed
make: *** [cmTC_62a29/fast] Error 2

File /home/ubaid/Desktop/MyDrive/Computer Science/Programming Languages/Modern C++ 2018/c++_projects/HomeWorks/3-igg_image/build/CMakeFiles/CMakeTmp/CheckSymbolExists.c:
/* */
#include <pthread.h>

int main(int argc, char** argv)
{
  (void)argv;
#ifndef pthread_create
  return ((int*)(&pthread_create))[argc];
#else
  (void)argc;
  return 0;
#endif
}

Determining if the function pthread_create exists in the pthreads failed with the following output:
Change Dir: /home/ubaid/Desktop/MyDrive/Computer Science/Programming Languages/Modern C++ 2018/c++_projects/HomeWorks/3-igg_image/build/CMakeFiles/CMakeTmp

Run Build Command:"/usr/bin/make" "cmTC_bba4b/fast"
/usr/bin/make -f CMakeFiles/cmTC_bba4b.dir/build.make CMakeFiles/cmTC_bba4b.dir/build
make[1]: Entering directory '/home/ubaid/Desktop/MyDrive/Computer Science/Programming Languages/Modern C++ 2018/c++_projects/HomeWorks/3-igg_image/build/CMakeFiles/CMakeTmp'
Building C object CMakeFiles/cmTC_bba4b.dir/CheckFunctionExists.c.o
/usr/bin/cc   -DCHECK_FUNCTION_EXISTS=pthread_create   -o CMakeFiles/cmTC_bba4b.dir/CheckFunctionExists.c.o   -c /usr/share/cmake-3.10/Modules/CheckFunctionExists.c
Linking C executable cmTC_bba4b
/usr/bin/cmake -E cmake_link_script CMakeFiles/cmTC_bba4b.dir/link.txt --verbose=1
/usr/bin/cc  -DCHECK_FUNCTION_EXISTS=pthread_create    -rdynamic CMakeFiles/cmTC_bba4b.dir/CheckFunctionExists.c.o  -o cmTC_bba4b -lpthreads 
/usr/bin/ld: cannot find -lpthreads
collect2: error: ld returned 1 exit status
CMakeFiles/cmTC_bba4b.dir/build.make:97: recipe for target 'cmTC_bba4b' failed
make[1]: *** [cmTC_bba4b] Error 1
make[1]: Leaving directory '/home/ubaid/Desktop/MyDrive/Computer Science/Programming Languages/Modern C++ 2018/c++_projects/HomeWorks/3-igg_image/build/CMakeFiles/CMakeTmp'
Makefile:126: recipe for target 'cmTC_bba4b/fast' failed
make: *** [cmTC_bba4b/fast] Error 2


